\BOOKMARK [1][-]{section.1}{Chapter 4, Problem 11}{}% 1
\BOOKMARK [2][-]{subsection.1.1}{a. Calculation}{section.1}% 2
\BOOKMARK [3][-]{subsubsection.1.1.1}{Answer}{subsection.1.1}% 3
\BOOKMARK [2][-]{subsection.1.2}{b. Calculation}{section.1}% 4
\BOOKMARK [3][-]{subsubsection.1.2.1}{Answer}{subsection.1.2}% 5
\BOOKMARK [2][-]{subsection.1.3}{c. Calculation}{section.1}% 6
\BOOKMARK [3][-]{subsubsection.1.3.1}{Answer}{subsection.1.3}% 7
\BOOKMARK [2][-]{subsection.1.4}{d. Calculation}{section.1}% 8
\BOOKMARK [3][-]{subsubsection.1.4.1}{Answer}{subsection.1.4}% 9
\BOOKMARK [2][-]{subsection.1.5}{f. MATLAB}{section.1}% 10
\BOOKMARK [3][-]{subsubsection.1.5.1}{Answer}{subsection.1.5}% 11
\BOOKMARK [1][-]{section.2}{Chapter 4, Problem 12}{}% 12
\BOOKMARK [2][-]{subsection.2.1}{a. Calculation}{section.2}% 13
\BOOKMARK [3][-]{subsubsection.2.1.1}{Answer}{subsection.2.1}% 14
\BOOKMARK [2][-]{subsection.2.2}{b. Calculation}{section.2}% 15
\BOOKMARK [3][-]{subsubsection.2.2.1}{Answer}{subsection.2.2}% 16
\BOOKMARK [2][-]{subsection.2.3}{c. Calculation}{section.2}% 17
\BOOKMARK [3][-]{subsubsection.2.3.1}{Answer}{subsection.2.3}% 18
\BOOKMARK [2][-]{subsection.2.4}{d. Calculation}{section.2}% 19
\BOOKMARK [3][-]{subsubsection.2.4.1}{Answer}{subsection.2.4}% 20
\BOOKMARK [2][-]{subsection.2.5}{e. MATLAB}{section.2}% 21
\BOOKMARK [3][-]{subsubsection.2.5.1}{Answer}{subsection.2.5}% 22
\BOOKMARK [2][-]{subsection.2.6}{f. MATLAB}{section.2}% 23
\BOOKMARK [3][-]{subsubsection.2.6.1}{Answer}{subsection.2.6}% 24
\BOOKMARK [2][-]{subsection.2.7}{g. MATLAB}{section.2}% 25
\BOOKMARK [3][-]{subsubsection.2.7.1}{Answer}{subsection.2.7}% 26
\BOOKMARK [2][-]{subsection.2.8}{h. MATLAB}{section.2}% 27
\BOOKMARK [3][-]{subsubsection.2.8.1}{Answer}{subsection.2.8}% 28
\BOOKMARK [1][-]{section.3}{Chapter 4, Problem 13}{}% 29
\BOOKMARK [2][-]{subsection.3.1}{a. MATLAB}{section.3}% 30
\BOOKMARK [3][-]{subsubsection.3.1.1}{Answer}{subsection.3.1}% 31
\BOOKMARK [2][-]{subsection.3.2}{b. MATLAB}{section.3}% 32
\BOOKMARK [3][-]{subsubsection.3.2.1}{Answer}{subsection.3.2}% 33
