\BOOKMARK [1][-]{section.1}{Chapter 2, Problem 3}{}% 1
\BOOKMARK [2][-]{subsection.1.1}{Proof}{section.1}% 2
\BOOKMARK [3][-]{subsubsection.1.1.1}{Answer}{subsection.1.1}% 3
\BOOKMARK [2][-]{subsection.1.2}{Proof}{section.1}% 4
\BOOKMARK [3][-]{subsubsection.1.2.1}{Answer}{subsection.1.2}% 5
\BOOKMARK [2][-]{subsection.1.3}{Code}{section.1}% 6
\BOOKMARK [3][-]{subsubsection.1.3.1}{Answer}{subsection.1.3}% 7
\BOOKMARK [1][-]{section.2}{Chapter 2, Problem 7}{}% 8
\BOOKMARK [2][-]{subsection.2.1}{a. Arithmetic}{section.2}% 9
\BOOKMARK [3][-]{subsubsection.2.1.1}{Answer}{subsection.2.1}% 10
\BOOKMARK [2][-]{subsection.2.2}{b. Arithmetic}{section.2}% 11
\BOOKMARK [3][-]{subsubsection.2.2.1}{Answer}{subsection.2.2}% 12
\BOOKMARK [2][-]{subsection.2.3}{c. Arithmetic}{section.2}% 13
\BOOKMARK [3][-]{subsubsection.2.3.1}{Answer}{subsection.2.3}% 14
\BOOKMARK [2][-]{subsection.2.4}{d. Arithmetic}{section.2}% 15
\BOOKMARK [3][-]{subsubsection.2.4.1}{Answer}{subsection.2.4}% 16
\BOOKMARK [1][-]{section.3}{Chapter 2, Problem 6}{}% 17
\BOOKMARK [2][-]{subsection.3.1}{Proof}{section.3}% 18
\BOOKMARK [3][-]{subsubsection.3.1.1}{Answer}{subsection.3.1}% 19
\BOOKMARK [1][-]{section.4}{Chapter 2, Problem 9}{}% 20
\BOOKMARK [2][-]{subsection.4.1}{a. Code}{section.4}% 21
\BOOKMARK [3][-]{subsubsection.4.1.1}{Answer}{subsection.4.1}% 22
\BOOKMARK [2][-]{subsection.4.2}{a. Reasoning}{section.4}% 23
\BOOKMARK [3][-]{subsubsection.4.2.1}{Answer}{subsection.4.2}% 24
\BOOKMARK [2][-]{subsection.4.3}{b. Code}{section.4}% 25
\BOOKMARK [3][-]{subsubsection.4.3.1}{Answer}{subsection.4.3}% 26
\BOOKMARK [2][-]{subsection.4.4}{b. Reasoning}{section.4}% 27
\BOOKMARK [3][-]{subsubsection.4.4.1}{Answer}{subsection.4.4}% 28
\BOOKMARK [1][-]{section.5}{Code Appendix}{}% 29
\BOOKMARK [2][-]{subsection.5.1}{Problem 1}{section.5}% 30
\BOOKMARK [2][-]{subsection.5.2}{Problem 4.a}{section.5}% 31
\BOOKMARK [2][-]{subsection.5.3}{Problem 4.b}{section.5}% 32
