\BOOKMARK [1][-]{section.1}{Chapter 4, Problem 1}{}% 1
\BOOKMARK [2][-]{subsection.1.1}{Calculation}{section.1}% 2
\BOOKMARK [3][-]{subsubsection.1.1.1}{Answer}{subsection.1.1}% 3
\BOOKMARK [1][-]{section.2}{Chapter 4, Problem 2}{}% 4
\BOOKMARK [2][-]{subsection.2.1}{a. Proof}{section.2}% 5
\BOOKMARK [3][-]{subsubsection.2.1.1}{Answer}{subsection.2.1}% 6
\BOOKMARK [2][-]{subsection.2.2}{b. Calculation}{section.2}% 7
\BOOKMARK [3][-]{subsubsection.2.2.1}{Answer}{subsection.2.2}% 8
\BOOKMARK [2][-]{subsection.2.3}{c. Calculation}{section.2}% 9
\BOOKMARK [3][-]{subsubsection.2.3.1}{Answer}{subsection.2.3}% 10
\BOOKMARK [2][-]{subsection.2.4}{d. Calculation}{section.2}% 11
\BOOKMARK [3][-]{subsubsection.2.4.1}{Answer}{subsection.2.4}% 12
\BOOKMARK [2][-]{subsection.2.5}{e. Calculation}{section.2}% 13
\BOOKMARK [3][-]{subsubsection.2.5.1}{Answer}{subsection.2.5}% 14
\BOOKMARK [1][-]{section.3}{Chapter 4, Problem 3}{}% 15
\BOOKMARK [2][-]{subsection.3.1}{Proof}{section.3}% 16
\BOOKMARK [3][-]{subsubsection.3.1.1}{Answer}{subsection.3.1}% 17
\BOOKMARK [1][-]{section.4}{Chapter 4: Questions}{}% 18
\BOOKMARK [2][-]{subsection.4.1}{Definition}{section.4}% 19
\BOOKMARK [3][-]{subsubsection.4.1.1}{Answer}{subsection.4.1}% 20
\BOOKMARK [2][-]{subsection.4.2}{Proof}{section.4}% 21
\BOOKMARK [3][-]{subsubsection.4.2.1}{Answer}{subsection.4.2}% 22
\BOOKMARK [2][-]{subsection.4.3}{Proof}{section.4}% 23
\BOOKMARK [3][-]{subsubsection.4.3.1}{Answer}{subsection.4.3}% 24
\BOOKMARK [2][-]{subsection.4.4}{Definition}{section.4}% 25
\BOOKMARK [3][-]{subsubsection.4.4.1}{Answer}{subsection.4.4}% 26
\BOOKMARK [2][-]{subsection.4.5}{Definition}{section.4}% 27
\BOOKMARK [3][-]{subsubsection.4.5.1}{Answer}{subsection.4.5}% 28
\BOOKMARK [2][-]{subsection.4.6}{Proof}{section.4}% 29
\BOOKMARK [3][-]{subsubsection.4.6.1}{Answer}{subsection.4.6}% 30
\BOOKMARK [2][-]{subsection.4.7}{Concept}{section.4}% 31
\BOOKMARK [3][-]{subsubsection.4.7.1}{Answer}{subsection.4.7}% 32
